#
# There is insufficient memory for the Java Runtime Environment to continue.
# Native memory allocation (malloc) failed to allocate 37456 bytes for Chunk::new
# Possible reasons:
#   The system is out of physical RAM or swap space
#   The process is running with CompressedOops enabled, and the Java Heap may be blocking the growth of the native heap
# Possible solutions:
#   Reduce memory load on the system
#   Increase physical memory or swap space
#   Check if swap backing store is full
#   Decrease Java heap size (-Xmx/-Xms)
#   Decrease number of Java threads
#   Decrease Java thread stack sizes (-Xss)
#   Set larger code cache with -XX:ReservedCodeCacheSize=
#   JVM is running with Unscaled Compressed Oops mode in which the Java heap is
#     placed in the first 4GB address space. The Java Heap base address is the
#     maximum limit for the native heap growth. Please use -XX:HeapBaseMinAddress
#     to set the Java Heap base and to place the Java Heap above 4GB virtual address.
# This output file may be truncated or incomplete.
#
#  Out of Memory Error (allocation.cpp:389), pid=1220, tid=0x0000000000000d68
#
# JRE version: Java(TM) SE Runtime Environment (8.0_261-b12) (build 1.8.0_261-b12)
# Java VM: Java HotSpot(TM) 64-Bit Server VM (25.261-b12 mixed mode windows-amd64 compressed oops)
# Failed to write core dump. Minidumps are not enabled by default on client versions of Windows
#

---------------  T H R E A D  ---------------

Current thread (0x0000021714739800):  JavaThread "C2 CompilerThread1" daemon [_thread_in_native, id=3432, stack(0x00000071a0e00000,0x00000071a0f00000)]

Stack: [0x00000071a0e00000,0x00000071a0f00000]
Native frames: (J=compiled Java code, j=interpreted, Vv=VM code, C=native code)
V  [jvm.dll+0x33e5f9]


Current CompileTask:
C2:   3588 1672 %     4       com.google.common.io.LineBuffer::add @ 47 (204 bytes)


---------------  P R O C E S S  ---------------

Java Threads: ( => current thread )
  0x0000021717c9d800 JavaThread "File lock release action executor" [_thread_blocked, id=1936, stack(0x00000071a2200000,0x00000071a2300000)]
  0x0000021717ca1800 JavaThread "Cache worker for journal cache (D:\Android\caches\journal-1)" [_thread_blocked, id=11492, stack(0x00000071a2100000,0x00000071a2200000)]
  0x0000021717c9d000 JavaThread "File lock request listener" [_thread_in_native, id=11536, stack(0x00000071a2000000,0x00000071a2100000)]
  0x0000021717c9e800 JavaThread "Cache worker for file hash cache (D:\Android\caches\6.6\fileHashes)" [_thread_blocked, id=3036, stack(0x00000071a1f00000,0x00000071a2000000)]
  0x0000021717b26000 JavaThread "Thread-9" [_thread_blocked, id=12412, stack(0x00000071a1e00000,0x00000071a1f00000)]
  0x0000021717b21000 JavaThread "Stdin handler" [_thread_blocked, id=17316, stack(0x00000071a1d00000,0x00000071a1e00000)]
  0x0000021717b18800 JavaThread "Asynchronous log dispatcher for DefaultDaemonConnection: socket connection from /127.0.0.1:50820 to /127.0.0.1:50821" [_thread_blocked, id=2428, stack(0x00000071a1c00000,0x00000071a1d00000)]
  0x0000021717b13000 JavaThread "Daemon worker" [_thread_in_vm, id=16644, stack(0x00000071a1b00000,0x00000071a1c00000)]
  0x0000021717b83800 JavaThread "Cancel handler" [_thread_blocked, id=17396, stack(0x00000071a1a00000,0x00000071a1b00000)]
  0x0000021717b05800 JavaThread "Handler for socket connection from /127.0.0.1:50820 to /127.0.0.1:50821" [_thread_in_native, id=14596, stack(0x00000071a1900000,0x00000071a1a00000)]
  0x0000021717b00000 JavaThread "Daemon" [_thread_blocked, id=14632, stack(0x00000071a1800000,0x00000071a1900000)]
  0x0000021717ae3000 JavaThread "Daemon periodic checks" [_thread_blocked, id=12224, stack(0x00000071a1700000,0x00000071a1800000)]
  0x0000021717a06800 JavaThread "Incoming local TCP Connector on port 50820" [_thread_in_native, id=11204, stack(0x00000071a1600000,0x00000071a1700000)]
  0x000002171793b800 JavaThread "Daemon health stats" [_thread_blocked, id=16144, stack(0x00000071a1300000,0x00000071a1400000)]
  0x0000021715ae0800 JavaThread "Service Thread" daemon [_thread_blocked, id=10620, stack(0x00000071a1100000,0x00000071a1200000)]
  0x000002171473f800 JavaThread "C1 CompilerThread3" daemon [_thread_blocked, id=9288, stack(0x00000071a1000000,0x00000071a1100000)]
  0x000002171473c800 JavaThread "C2 CompilerThread2" daemon [_thread_in_native, id=2672, stack(0x00000071a0f00000,0x00000071a1000000)]
=>0x0000021714739800 JavaThread "C2 CompilerThread1" daemon [_thread_in_native, id=3432, stack(0x00000071a0e00000,0x00000071a0f00000)]
  0x0000021714733800 JavaThread "C2 CompilerThread0" daemon [_thread_in_native, id=876, stack(0x00000071a0d00000,0x00000071a0e00000)]
  0x0000021714732800 JavaThread "Attach Listener" daemon [_thread_blocked, id=12728, stack(0x00000071a0c00000,0x00000071a0d00000)]
  0x0000021714736000 JavaThread "Signal Dispatcher" daemon [_thread_blocked, id=17044, stack(0x00000071a0b00000,0x00000071a0c00000)]
  0x000002171470b800 JavaThread "Finalizer" daemon [_thread_blocked, id=6916, stack(0x00000071a0a00000,0x00000071a0b00000)]
  0x00000217146c9000 JavaThread "Reference Handler" daemon [_thread_blocked, id=9924, stack(0x00000071a0900000,0x00000071a0a00000)]
  0x000002177d87f000 JavaThread "main" [_thread_blocked, id=6436, stack(0x000000719ff00000,0x00000071a0000000)]

Other Threads:
  0x00000217146c2800 VMThread [stack: 0x00000071a0800000,0x00000071a0900000] [id=16732]
  0x000002171479e000 WatcherThread [stack: 0x00000071a1200000,0x00000071a1300000] [id=1500]

VM state:not at safepoint (normal execution)

VM Mutex/Monitor currently owned by a thread: None

heap address: 0x0000000080000000, size: 2048 MB, Compressed Oops mode: 32-bit
Narrow klass base: 0x0000000000000000, Narrow klass shift: 3
Compressed class space size: 1073741824 Address: 0x0000000100000000

Heap:
 PSYoungGen      total 76288K, used 31851K [0x00000000d5580000, 0x00000000daa80000, 0x0000000100000000)
  eden space 65536K, 32% used [0x00000000d5580000,0x00000000d6a1b7e8,0x00000000d9580000)
  from space 10752K, 99% used [0x00000000da000000,0x00000000daa7f420,0x00000000daa80000)
  to   space 10752K, 0% used [0x00000000d9580000,0x00000000d9580000,0x00000000da000000)
 ParOldGen       total 175104K, used 24K [0x0000000080000000, 0x000000008ab00000, 0x00000000d5580000)
  object space 175104K, 0% used [0x0000000080000000,0x0000000080006000,0x000000008ab00000)
 Metaspace       used 17638K, capacity 18286K, committed 18432K, reserved 1064960K
  class space    used 2574K, capacity 2779K, committed 2816K, reserved 1048576K

Card table byte_map: [0x000002177f610000,0x000002177fa20000] byte_map_base: 0x000002177f210000

Marking Bits: (ParMarkBitMap*) 0x00000000764f4fb0
 Begin Bits: [0x000002170f000000, 0x0000021711000000)
 End Bits:   [0x0000021711000000, 0x0000021713000000)

Polling page: 0x000002177da70000

CodeCache: size=245760Kb used=5758Kb max_used=5768Kb free=240001Kb
 bounds [0x0000021700000000, 0x00000217005b0000, 0x000002170f000000]
 total_blobs=2074 nmethods=1673 adapters=313
 compilation: enabled

Compilation events (10 events):
Event: 3.562 Thread 0x000002171473f800 1676       3       java.io.OutputStream::<init> (5 bytes)
Event: 3.562 Thread 0x000002171473f800 nmethod 1676 0x000002170059e010 code [0x000002170059e180, 0x000002170059e338]
Event: 3.568 Thread 0x0000021714739800 nmethod 1666% 0x00000217005a2050 code [0x00000217005a22e0, 0x00000217005a32f0]
Event: 3.568 Thread 0x0000021714739800 1667       4       com.google.common.base.CharMatcher::indexIn (48 bytes)
Event: 3.571 Thread 0x0000021714739800 nmethod 1667 0x000002170059ebd0 code [0x000002170059ed20, 0x000002170059ef98]
Event: 3.571 Thread 0x0000021714739800 1672 %     4       com.google.common.io.LineBuffer::add @ 47 (204 bytes)
Event: 3.577 Thread 0x000002171473f800 1677       3       sun.reflect.generics.parser.SignatureParser::parseFieldTypeSignature (6 bytes)
Event: 3.577 Thread 0x000002171473f800 nmethod 1677 0x000002170059e850 code [0x000002170059e9c0, 0x000002170059eb50]
Event: 3.581 Thread 0x000002171473f800 1678       3       sun.misc.ProxyGenerator::access$700 (7 bytes)
Event: 3.581 Thread 0x000002171473f800 nmethod 1678 0x00000217005a1bd0 code [0x00000217005a1d40, 0x00000217005a1f30]

GC Heap History (4 events):
Event: 1.958 GC heap before
{Heap before GC invocations=1 (full 0):
 PSYoungGen      total 76288K, used 65536K [0x00000000d5580000, 0x00000000daa80000, 0x0000000100000000)
  eden space 65536K, 100% used [0x00000000d5580000,0x00000000d9580000,0x00000000d9580000)
  from space 10752K, 0% used [0x00000000da000000,0x00000000da000000,0x00000000daa80000)
  to   space 10752K, 0% used [0x00000000d9580000,0x00000000d9580000,0x00000000da000000)
 ParOldGen       total 175104K, used 0K [0x0000000080000000, 0x000000008ab00000, 0x00000000d5580000)
  object space 175104K, 0% used [0x0000000080000000,0x0000000080000000,0x000000008ab00000)
 Metaspace       used 8826K, capacity 9110K, committed 9216K, reserved 1056768K
  class space    used 1159K, capacity 1269K, committed 1280K, reserved 1048576K
Event: 1.967 GC heap after
Heap after GC invocations=1 (full 0):
 PSYoungGen      total 76288K, used 7112K [0x00000000d5580000, 0x00000000daa80000, 0x0000000100000000)
  eden space 65536K, 0% used [0x00000000d5580000,0x00000000d5580000,0x00000000d9580000)
  from space 10752K, 66% used [0x00000000d9580000,0x00000000d9c72000,0x00000000da000000)
  to   space 10752K, 0% used [0x00000000da000000,0x00000000da000000,0x00000000daa80000)
 ParOldGen       total 175104K, used 16K [0x0000000080000000, 0x000000008ab00000, 0x00000000d5580000)
  object space 175104K, 0% used [0x0000000080000000,0x0000000080004000,0x000000008ab00000)
 Metaspace       used 8826K, capacity 9110K, committed 9216K, reserved 1056768K
  class space    used 1159K, capacity 1269K, committed 1280K, reserved 1048576K
}
Event: 3.406 GC heap before
{Heap before GC invocations=2 (full 0):
 PSYoungGen      total 76288K, used 72648K [0x00000000d5580000, 0x00000000daa80000, 0x0000000100000000)
  eden space 65536K, 100% used [0x00000000d5580000,0x00000000d9580000,0x00000000d9580000)
  from space 10752K, 66% used [0x00000000d9580000,0x00000000d9c72000,0x00000000da000000)
  to   space 10752K, 0% used [0x00000000da000000,0x00000000da000000,0x00000000daa80000)
 ParOldGen       total 175104K, used 16K [0x0000000080000000, 0x000000008ab00000, 0x00000000d5580000)
  object space 175104K, 0% used [0x0000000080000000,0x0000000080004000,0x000000008ab00000)
 Metaspace       used 16611K, capacity 17234K, committed 17536K, reserved 1064960K
  class space    used 2378K, capacity 2577K, committed 2688K, reserved 1048576K
Event: 3.423 GC heap after
Heap after GC invocations=2 (full 0):
 PSYoungGen      total 76288K, used 10749K [0x00000000d5580000, 0x00000000daa80000, 0x0000000100000000)
  eden space 65536K, 0% used [0x00000000d5580000,0x00000000d5580000,0x00000000d9580000)
  from space 10752K, 99% used [0x00000000da000000,0x00000000daa7f420,0x00000000daa80000)
  to   space 10752K, 0% used [0x00000000d9580000,0x00000000d9580000,0x00000000da000000)
 ParOldGen       total 175104K, used 24K [0x0000000080000000, 0x000000008ab00000, 0x00000000d5580000)
  object space 175104K, 0% used [0x0000000080000000,0x0000000080006000,0x000000008ab00000)
 Metaspace       used 16611K, capacity 17234K, committed 17536K, reserved 1064960K
  class space    used 2378K, capacity 2577K, committed 2688K, reserved 1048576K
}

Deoptimization events (10 events):
Event: 3.092 Thread 0x0000021717b13000 Uncommon trap: reason=class_check action=maybe_recompile pc=0x000002170033299c method=java.util.regex.Matcher.match(II)Z @ 86
Event: 3.093 Thread 0x0000021717b13000 Uncommon trap: reason=class_check action=maybe_recompile pc=0x000002170033299c method=java.util.regex.Matcher.match(II)Z @ 86
Event: 3.093 Thread 0x0000021717b13000 Uncommon trap: reason=class_check action=maybe_recompile pc=0x00000217001d5d0c method=java.util.regex.Matcher.match(II)Z @ 86
Event: 3.239 Thread 0x0000021717b13000 Uncommon trap: reason=unstable_if action=reinterpret pc=0x00000217003193a4 method=java.io.File.getName()Ljava/lang/String; @ 16
Event: 3.494 Thread 0x0000021717b13000 Uncommon trap: reason=unstable_if action=reinterpret pc=0x0000021700314270 method=java.util.LinkedHashMap.afterNodeInsertion(Z)V @ 1
Event: 3.494 Thread 0x0000021717b13000 Uncommon trap: reason=unstable_if action=reinterpret pc=0x0000021700280dc4 method=java.util.HashMap.getNode(ILjava/lang/Object;)Ljava/util/HashMap$Node; @ 129
Event: 3.494 Thread 0x0000021717b13000 Uncommon trap: reason=bimorphic action=maybe_recompile pc=0x00000217004ca67c method=java.util.HashMap.putVal(ILjava/lang/Object;Ljava/lang/Object;ZZ)Ljava/lang/Object; @ 203
Event: 3.494 Thread 0x0000021717b13000 Uncommon trap: reason=unstable_if action=reinterpret pc=0x0000021700264f10 method=java.util.HashMap.getNode(ILjava/lang/Object;)Ljava/util/HashMap$Node; @ 129
Event: 3.495 Thread 0x0000021717b13000 Uncommon trap: reason=bimorphic action=maybe_recompile pc=0x00000217004ca67c method=java.util.HashMap.putVal(ILjava/lang/Object;Ljava/lang/Object;ZZ)Ljava/lang/Object; @ 203
Event: 3.497 Thread 0x0000021717b13000 Uncommon trap: reason=bimorphic action=maybe_recompile pc=0x00000217004c4fc0 method=java.util.HashMap.putVal(ILjava/lang/Object;Ljava/lang/Object;ZZ)Ljava/lang/Object; @ 203

Classes redefined (0 events):
No events

Internal exceptions (10 events):
Event: 2.761 Thread 0x0000021717b05800 Exception <a 'java/lang/NoSuchMethodError': <clinit>> (0x00000000d655b368) thrown at [C:\jenkins\workspace\8-2-build-windows-amd64-cygwin\jdk8u261\295\hotspot\src\share\vm\prims\jni.cpp, line 1615]
Event: 2.762 Thread 0x0000021717b05800 Exception <a 'java/lang/NoSuchMethodError': <clinit>> (0x00000000d6571160) thrown at [C:\jenkins\workspace\8-2-build-windows-amd64-cygwin\jdk8u261\295\hotspot\src\share\vm\prims\jni.cpp, line 1615]
Event: 2.781 Thread 0x0000021717b05800 Exception <a 'java/lang/NoSuchMethodError': <clinit>> (0x00000000d65e2c68) thrown at [C:\jenkins\workspace\8-2-build-windows-amd64-cygwin\jdk8u261\295\hotspot\src\share\vm\prims\jni.cpp, line 1615]
Event: 2.786 Thread 0x0000021717b05800 Exception <a 'java/lang/NoSuchMethodError': <clinit>> (0x00000000d6611ea0) thrown at [C:\jenkins\workspace\8-2-build-windows-amd64-cygwin\jdk8u261\295\hotspot\src\share\vm\prims\jni.cpp, line 1615]
Event: 2.790 Thread 0x0000021717b05800 Exception <a 'java/lang/NoSuchMethodError': <clinit>> (0x00000000d663f9a8) thrown at [C:\jenkins\workspace\8-2-build-windows-amd64-cygwin\jdk8u261\295\hotspot\src\share\vm\prims\jni.cpp, line 1615]
Event: 3.164 Thread 0x0000021717b13000 Exception <a 'java/lang/NoSuchMethodError': java.lang.Object.lambda$static$0(Lorg/gradle/internal/state/ModelObject;)Ljava/lang/String;> (0x00000000d81a0050) thrown at [C:\jenkins\workspace\8-2-build-windows-amd64-cygwin\jdk8u261\295\hotspot\src\share\vm\
Event: 3.277 Thread 0x0000021717b13000 Exception <a 'java/lang/NoSuchMethodError': java.lang.Object.lambda$and$0(Ljava/util/function/Predicate;Ljava/lang/Object;)Z> (0x00000000d8873000) thrown at [C:\jenkins\workspace\8-2-build-windows-amd64-cygwin\jdk8u261\295\hotspot\src\share\vm\interpreter
Event: 3.286 Thread 0x0000021717b13000 Exception <a 'java/lang/IncompatibleClassChangeError': Found class java.lang.Object, but interface was expected> (0x00000000d88834e0) thrown at [C:\jenkins\workspace\8-2-build-windows-amd64-cygwin\jdk8u261\295\hotspot\src\share\vm\interpreter\linkResolver
Event: 3.289 Thread 0x0000021717b13000 Exception <a 'java/lang/NoSuchMethodError': java.lang.Object.lambda$or$2(Ljava/util/function/Predicate;Ljava/lang/Object;)Z> (0x00000000d8888218) thrown at [C:\jenkins\workspace\8-2-build-windows-amd64-cygwin\jdk8u261\295\hotspot\src\share\vm\interpreter\
Event: 3.326 Thread 0x0000021717b13000 Exception <a 'java/lang/NoSuchMethodError': java.lang.Object.lambda$comparing$77a9974f$1(Ljava/util/function/Function;Ljava/lang/Object;Ljava/lang/Object;)I> (0x00000000d8cb50e8) thrown at [C:\jenkins\workspace\8-2-build-windows-amd64-cygwin\jdk8u261\295\

Events (10 events):
Event: 3.582 loading class org/gradle/api/internal/initialization/ClassLoaderScopeIdentifier
Event: 3.582 loading class org/gradle/api/internal/initialization/ClassLoaderScopeIdentifier done
Event: 3.583 loading class org/gradle/internal/classloader/CachingClassLoader$Spec
Event: 3.583 loading class org/gradle/internal/classloader/CachingClassLoader$Spec done
Event: 3.583 loading class com/google/common/collect/MapMakerInternalMap$StrongKeyWeakValueEntry$Helper
Event: 3.583 loading class com/google/common/collect/MapMakerInternalMap$StrongKeyWeakValueEntry$Helper done
Event: 3.583 loading class com/google/common/collect/MapMakerInternalMap$StrongKeyWeakValueSegment
Event: 3.583 loading class com/google/common/collect/MapMakerInternalMap$StrongKeyWeakValueSegment done
Event: 3.584 loading class org/gradle/instantexecution/ClassLoaderScopeSpec
Event: 3.584 loading class org/gradle/instantexecution/ClassLoaderScopeSpec done


Dynamic libraries:
0x00007ff66b1f0000 - 0x00007ff66b237000 	C:\Program Files\Java\jdk1.8.0_261\bin\java.exe
0x00007ff830df0000 - 0x00007ff830fe5000 	C:\WINDOWS\SYSTEM32\ntdll.dll
0x00007ff830570000 - 0x00007ff83062d000 	C:\WINDOWS\System32\KERNEL32.DLL
0x00007ff82e530000 - 0x00007ff82e7f9000 	C:\WINDOWS\System32\KERNELBASE.dll
0x00007ff82f9d0000 - 0x00007ff82fa7c000 	C:\WINDOWS\System32\ADVAPI32.dll
0x00007ff82f630000 - 0x00007ff82f6ce000 	C:\WINDOWS\System32\msvcrt.dll
0x00007ff830d10000 - 0x00007ff830dab000 	C:\WINDOWS\System32\sechost.dll
0x00007ff830840000 - 0x00007ff83096a000 	C:\WINDOWS\System32\RPCRT4.dll
0x00007ff82f6d0000 - 0x00007ff82f870000 	C:\WINDOWS\System32\USER32.dll
0x00007ff82ea40000 - 0x00007ff82ea62000 	C:\WINDOWS\System32\win32u.dll
0x00007ff82ee60000 - 0x00007ff82ee8a000 	C:\WINDOWS\System32\GDI32.dll
0x00007ff82ead0000 - 0x00007ff82ebdb000 	C:\WINDOWS\System32\gdi32full.dll
0x00007ff82ece0000 - 0x00007ff82ed7d000 	C:\WINDOWS\System32\msvcp_win.dll
0x00007ff82ebe0000 - 0x00007ff82ece0000 	C:\WINDOWS\System32\ucrtbase.dll
0x00007ff81adf0000 - 0x00007ff81b08a000 	C:\WINDOWS\WinSxS\amd64_microsoft.windows.common-controls_6595b64144ccf1df_6.0.19041.1110_none_60b5254171f9507e\COMCTL32.dll
0x00007ff830540000 - 0x00007ff830570000 	C:\WINDOWS\System32\IMM32.DLL
0x00007ff82a270000 - 0x00007ff82a285000 	C:\Program Files\Java\jdk1.8.0_261\jre\bin\vcruntime140.dll
0x00007ff817140000 - 0x00007ff8171db000 	C:\Program Files\Java\jdk1.8.0_261\jre\bin\msvcp140.dll
0x0000000075d00000 - 0x000000007656c000 	C:\Program Files\Java\jdk1.8.0_261\jre\bin\server\jvm.dll
0x00007ff830980000 - 0x00007ff830988000 	C:\WINDOWS\System32\PSAPI.DLL
0x00007ff812080000 - 0x00007ff812089000 	C:\WINDOWS\SYSTEM32\WSOCK32.dll
0x00007ff82f960000 - 0x00007ff82f9cb000 	C:\WINDOWS\System32\WS2_32.dll
0x00007ff81df10000 - 0x00007ff81df37000 	C:\WINDOWS\SYSTEM32\WINMM.dll
0x00007ff8259c0000 - 0x00007ff8259ca000 	C:\WINDOWS\SYSTEM32\VERSION.dll
0x00007ff82c480000 - 0x00007ff82c492000 	C:\WINDOWS\SYSTEM32\kernel.appcore.dll
0x00007ff82a1a0000 - 0x00007ff82a1b0000 	C:\Program Files\Java\jdk1.8.0_261\jre\bin\verify.dll
0x00007ff828ca0000 - 0x00007ff828ccb000 	C:\Program Files\Java\jdk1.8.0_261\jre\bin\java.dll
0x00007ff829320000 - 0x00007ff829338000 	C:\Program Files\Java\jdk1.8.0_261\jre\bin\zip.dll
0x00007ff82fd90000 - 0x00007ff8304cf000 	C:\WINDOWS\System32\SHELL32.dll
0x00007ff82c680000 - 0x00007ff82ce11000 	C:\WINDOWS\SYSTEM32\windows.storage.dll
0x00007ff8309b0000 - 0x00007ff830d05000 	C:\WINDOWS\System32\combase.dll
0x00007ff82dfa0000 - 0x00007ff82dfcc000 	C:\WINDOWS\SYSTEM32\Wldp.dll
0x00007ff8306b0000 - 0x00007ff83075e000 	C:\WINDOWS\System32\SHCORE.dll
0x00007ff82fae0000 - 0x00007ff82fb35000 	C:\WINDOWS\System32\shlwapi.dll
0x00007ff82e470000 - 0x00007ff82e48f000 	C:\WINDOWS\SYSTEM32\profapi.dll
0x00007ff828c80000 - 0x00007ff828c9c000 	C:\Program Files\Java\jdk1.8.0_261\jre\bin\net.dll
0x00007ff82dd00000 - 0x00007ff82dd6a000 	C:\WINDOWS\system32\mswsock.dll
0x00007ff828b10000 - 0x00007ff828b23000 	C:\Program Files\Java\jdk1.8.0_261\jre\bin\nio.dll
0x00007ff828ac0000 - 0x00007ff828ae7000 	D:\Android\native\9f2fa17c089eee584f3420100432f77ec4c098959e4bf121a4d6054c26537dfb\windows-amd64\native-platform.dll
0x00007ff8292d0000 - 0x00007ff8292dd000 	C:\Program Files\Java\jdk1.8.0_261\jre\bin\management.dll
0x00007ff82dee0000 - 0x00007ff82def8000 	C:\WINDOWS\SYSTEM32\CRYPTSP.dll
0x00007ff82d630000 - 0x00007ff82d664000 	C:\WINDOWS\system32\rsaenh.dll
0x00007ff82ed80000 - 0x00007ff82eda7000 	C:\WINDOWS\System32\bcrypt.dll
0x00007ff82e430000 - 0x00007ff82e45e000 	C:\WINDOWS\SYSTEM32\USERENV.dll
0x00007ff82e960000 - 0x00007ff82e9e3000 	C:\WINDOWS\System32\bcryptprimitives.dll
0x00007ff82df00000 - 0x00007ff82df0c000 	C:\WINDOWS\SYSTEM32\CRYPTBASE.dll
0x00007ff82d9a0000 - 0x00007ff82d9db000 	C:\WINDOWS\SYSTEM32\IPHLPAPI.DLL
0x00007ff8304d0000 - 0x00007ff8304d8000 	C:\WINDOWS\System32\NSI.dll
0x00007ff827bb0000 - 0x00007ff827bc7000 	C:\WINDOWS\SYSTEM32\dhcpcsvc6.DLL
0x00007ff827b90000 - 0x00007ff827bad000 	C:\WINDOWS\SYSTEM32\dhcpcsvc.DLL
0x00007ff82d9f0000 - 0x00007ff82dabc000 	C:\WINDOWS\SYSTEM32\DNSAPI.dll
0x00007ff827c10000 - 0x00007ff827c1b000 	C:\WINDOWS\SYSTEM32\WINNSI.DLL
0x00007ff8006a0000 - 0x00007ff800836000 	D:\Android\native\9f2fa17c089eee584f3420100432f77ec4c098959e4bf121a4d6054c26537dfb\windows-amd64\native-platform-file-events.dll

VM Arguments:
jvm_args: -Xmx2048m -Dfile.encoding=UTF-8 -Duser.country=ID -Duser.language=en -Duser.variant 
java_command: org.gradle.launcher.daemon.bootstrap.GradleDaemon 6.6
java_class_path (initial): D:\Gradle\gradle-6.6\lib\gradle-launcher-6.6.jar
Launcher Type: SUN_STANDARD

Environment Variables:
JAVA_HOME=C:\Program Files\Java\jdk1.8.0_261
PATH=C:\Program Files\NVIDIA GPU Computing Toolkit\CUDA\v11.4\bin;C:\Program Files\NVIDIA GPU Computing Toolkit\CUDA\v11.4\libnvvp;C:\Program Files (x86)\Common Files\Oracle\Java\javapath;C:\WINDOWS\system32;C:\WINDOWS;C:\WINDOWS\System32\Wbem;C:\WINDOWS\System32\WindowsPowerShell\v1.0\;C:\WINDOWS\System32\OpenSSH\;C:\Program Files\NVIDIA Corporation\NVIDIA NvDLISR;C:\Program Files (x86)\NVIDIA Corporation\PhysX\Common;C:\Program Files\Java\jdk1.8.0_261\bin;D:\NodeJS\;C:\Program Files\Git\cmd;C:\composer;D:\Gradle\gradle-6.6\bin;D:\xampp\php;D:\MathLab\runtime\win64;D:\MathLab\bin;D:\MathLab\polyspace\bin;C:\Program Files\Google Protobuf;C:\Program Files\NVIDIA Corporation\Nsight Compute 2021.2.0\;C:\Users\azrim\AppData\Local\Programs\Python\Python39\Scripts;C:\Users\azrim\AppData\Local\Programs\Python\Python39;C:\Users\azrim\AppData\Local\Programs\Python\Python39\Scripts;C:\Users\azrim\AppData\Local\Microsoft\WindowsApps;C:\Users\azrim\AppData\Roaming\npm;C:\Users\azrim\AppData\Roaming\Composer\vendor\bin;C:\Program Files\Google Protobuf\bin;D:\Anaconda\Library\bin;D:\Anaconda\Scripts;D:\Anaconda;C:\Users\azrim\AppData\Local\Programs\Python\Python39;;D:\Microsoft VS Code\bin
USERNAME=azrim
OS=Windows_NT
PROCESSOR_IDENTIFIER=Intel64 Family 6 Model 60 Stepping 3, GenuineIntel



---------------  S Y S T E M  ---------------

OS: Windows 10.0 , 64 bit Build 19041 (10.0.19041.1023)

CPU:total 8 (initial active 8) (4 cores per cpu, 2 threads per core) family 6 model 60 stepping 3, cmov, cx8, fxsr, mmx, sse, sse2, sse3, ssse3, sse4.1, sse4.2, popcnt, avx, avx2, aes, clmul, erms, lzcnt, ht, tsc, tscinvbit, bmi1, bmi2

Memory: 4k page, physical 16703868k(1284700k free), swap 26141052k(5136k free)

vm_info: Java HotSpot(TM) 64-Bit Server VM (25.261-b12) for windows-amd64 JRE (1.8.0_261-b12), built on Jun 18 2020 06:56:32 by "" with unknown MS VC++:1916

time: Mon Jul 26 20:51:32 2021
timezone: SE Asia Standard Time
elapsed time: 3 seconds (0d 0h 0m 3s)

